Flutter crash report; please file at https://github.com/flutter/flutter/issues.

## command

flutter assemble --output=/Users/manhnd/Desktop/Flutter/flutter_module/.ios/Flutter/ -dTargetPlatform=ios -dTargetFile=lib/main.dart -dBuildMode=release -dIosArchs=x86_64 -dSplitDebugInfo= -dTreeShakeIcons=false -dTrackWidgetCreation= -dDartObfuscation=false -dEnableBitcode= -dDartDefines= release_ios_bundle_flutter_assets

## exception

ArgumentError: Invalid argument(s): Cannot find executable for /Users/manhnd/Desktop/Flutter/flutter/bin/cache/artifacts/engine/ios-release/gen_snapshot_x86_64.

```
#0      _getExecutable (package:process/src/interface/local_process_manager.dart:127:5)
#1      LocalProcessManager.start (package:process/src/interface/local_process_manager.dart:43:30)
#2      _DefaultProcessUtils.start (package:flutter_tools/src/base/process.dart:462:28)
#3      _DefaultProcessUtils.stream (package:flutter_tools/src/base/process.dart:480:35)
#4      GenSnapshot.run (package:flutter_tools/src/base/build.dart:71:25)
#5      AOTSnapshotter.build.<anonymous closure> (package:flutter_tools/src/base/build.dart:175:27)
#6      AOTSnapshotter._timedStep (package:flutter_tools/src/base/build.dart:339:33)
#7      AOTSnapshotter.build (package:flutter_tools/src/base/build.dart:174:13)
#8      AotAssemblyBase.build (package:flutter_tools/src/build_system/targets/ios.dart:57:31)
#9      _BuildInstance._invokeInternal (package:flutter_tools/src/build_system/build_system.dart:553:25)
<asynchronous suspension>
#10     _BuildInstance.invokeTarget.<anonymous closure> (package:flutter_tools/src/build_system/build_system.dart:508:35)
#11     new Future.sync (dart:async/future.dart:224:31)
#12     AsyncMemoizer.runOnce (package:async/src/async_memoizer.dart:43:45)
#13     _BuildInstance.invokeTarget (package:flutter_tools/src/build_system/build_system.dart:508:21)
<asynchronous suspension>
<asynchronous suspension>
#14     BuildSystem.build (package:flutter_tools/src/build_system/build_system.dart:446:36)
#15     AssembleCommand.runCommand (package:flutter_tools/src/commands/assemble.dart:180:50)
#16     FlutterCommand.verifyThenRunCommand (package:flutter_tools/src/runner/flutter_command.dart:715:18)
#17     _rootRunUnary (dart:async/zone.dart:1141:38)
#18     _CustomZone.runUnary (dart:async/zone.dart:1034:19)
#19     _FutureListener.handleValue (dart:async/future_impl.dart:140:18)
#20     Future._propagateToListeners.handleValueCallback (dart:async/future_impl.dart:681:45)
#21     Future._propagateToListeners (dart:async/future_impl.dart:710:32)
#22     Future._completeWithValue (dart:async/future_impl.dart:525:5)
#23     Future._asyncComplete.<anonymous closure> (dart:async/future_impl.dart:555:7)
#24     _rootRun (dart:async/zone.dart:1133:13)
#25     _CustomZone.run (dart:async/zone.dart:1026:19)
#26     _CustomZone.runGuarded (dart:async/zone.dart:928:7)
#27     _CustomZone.bindCallbackGuarded.<anonymous closure> (dart:async/zone.dart:968:23)
#28     _microtaskLoop (dart:async/schedule_microtask.dart:43:21)
#29     _startMicrotaskLoop (dart:async/schedule_microtask.dart:52:5)
#30     _runPendingImmediateCallback (dart:isolate-patch/isolate_patch.dart:118:13)
#31     _RawReceivePortImpl._handleMessage (dart:isolate-patch/isolate_patch.dart:169:5)
```

## flutter doctor

```
[✓] Flutter (Channel dev, v1.16.1, on Mac OS X 10.15.5 19F101, locale en-VN)
    • Flutter version 1.16.1 at /Users/manhnd/Desktop/Flutter/flutter
    • Framework revision e6b0f5f238 (3 months ago), 2020-03-18 21:56:02 -0400
    • Engine revision 216c420a2c
    • Dart version 2.8.0 (build 2.8.0-dev.15.0 96cf889e6b)

[!] Android toolchain - develop for Android devices (Android SDK version 29.0.3)
    • Android SDK at /Users/manhnd/Library/Android/sdk
    • Android NDK location not configured (optional; useful for native profiling support)
    • Platform android-29, build-tools 29.0.3
    • Java binary at: /Applications/Android Studio.app/Contents/jre/jdk/Contents/Home/bin/java
    • Java version OpenJDK Runtime Environment (build 1.8.0_212-release-1586-b4-5784211)
    ! Some Android licenses not accepted.  To resolve this, run: flutter doctor --android-licenses

[✓] Xcode - develop for iOS and macOS (Xcode 11.5)
    • Xcode at /Applications/Xcode.app/Contents/Developer
    • Xcode 11.5, Build version 11E608c
    • CocoaPods version 1.9.3

[✓] Android Studio (version 3.6)
    • Android Studio at /Applications/Android Studio.app/Contents
    • Flutter plugin version 45.1.1
    • Dart plugin version 192.8052
    • Java version OpenJDK Runtime Environment (build 1.8.0_212-release-1586-b4-5784211)

[✓] Android Studio (version 3.6)
    • Android Studio at /Applications/Android Studio 2.app/Contents
    • Flutter plugin version 45.1.1
    • Dart plugin version 192.8052
    • Java version OpenJDK Runtime Environment (build 1.8.0_212-release-1586-b4-5784211)

[✓] Connected device (1 available)
    • iPhone 11 Pro Max • BE05314A-7477-4C5E-96F3-6928CA191DDB • ios • com.apple.CoreSimulator.SimRuntime.iOS-13-5 (simulator)

! Doctor found issues in 1 category.
```
